<?xml version="1.0" encoding="UTF-8"?>
<testng-results skipped="0" failed="0" ignored="0" total="1" passed="1">
  <reporter-output>
  </reporter-output>
  <suite name="Default suite" duration-ms="11017" started-at="2020-05-11T11:18:07 BST" finished-at="2020-05-11T11:18:18 BST">
    <groups>
    </groups>
    <test name="Default test" duration-ms="11017" started-at="2020-05-11T11:18:07 BST" finished-at="2020-05-11T11:18:18 BST">
      <class name="TestNG.TestNgbasics1">
        <test-method status="PASS" signature="Setup()[pri:0, instance:TestNG.TestNgbasics1@627551fb]" name="Setup" is-config="true" duration-ms="4893" started-at="2020-05-11T11:18:07 BST" finished-at="2020-05-11T11:18:12 BST">
          <reporter-output>
          </reporter-output>
        </test-method> <!-- Setup -->
        <test-method status="PASS" signature="Titletest()[pri:0, instance:TestNG.TestNgbasics1@627551fb]" name="Titletest" duration-ms="1632" started-at="2020-05-11T11:18:12 BST" finished-at="2020-05-11T11:18:13 BST">
          <reporter-output>
          </reporter-output>
        </test-method> <!-- Titletest -->
        <test-method status="PASS" signature="Close()[pri:0, instance:TestNG.TestNgbasics1@627551fb]" name="Close" is-config="true" duration-ms="4426" started-at="2020-05-11T11:18:13 BST" finished-at="2020-05-11T11:18:18 BST">
          <reporter-output>
          </reporter-output>
        </test-method> <!-- Close -->
      </class> <!-- TestNG.TestNgbasics1 -->
    </test> <!-- Default test -->
  </suite> <!-- Default suite -->
</testng-results>
